<?xml version="1.0" encoding="UTF-8"?>
<!-- Generated by org.testng.reporters.JUnitReportReporter -->
<testsuite hostname="DESKTOP-M4GRLMR" failures="0" tests="2" name="MyClass" time="3.395" errors="0" timestamp="2023-09-19T18:06:41 EET" skipped="0">
  <testcase classname="MyClass" name="myTest" time="3.384"/>
  <system-out/>
  <testcase classname="MyClass" name="ThisIsAnotherTest" time="0.011"/>
  <system-out/>
</testsuite> <!-- MyClass -->
